{"level":"info","message":"Health check - testing logger functionality","timestamp":"2025-08-03T16:21:50.630Z"}
{"level":"info","message":"Detailed health check completed","status":"UP","timestamp":"2025-08-03T16:21:50.634Z"}
{"level":"info","message":"Retrieved 0 courses succesfully","timestamp":"2025-08-03T17:18:35.119Z"}
{"level":"info","message":"Retrieved 0 courses succesfully","timestamp":"2025-08-03T17:18:35.232Z"}
{"level":"info","message":"Retrieved 0 courses succesfully","timestamp":"2025-08-03T17:18:35.388Z"}
{"level":"info","message":"Retrieved 0 courses succesfully","timestamp":"2025-08-03T17:18:35.499Z"}
{"level":"info","message":"Retrieved 0 courses succesfully","timestamp":"2025-08-03T17:18:35.661Z"}
{"level":"info","message":"Retrieved 0 courses succesfully","timestamp":"2025-08-03T17:18:35.768Z"}
{"level":"info","message":"Retrieved 0 courses succesfully","timestamp":"2025-08-03T17:18:35.924Z"}
{"level":"info","message":"Retrieved 0 courses succesfully","timestamp":"2025-08-03T17:18:36.019Z"}
{"level":"info","message":"Retrieved 0 courses succesfully","timestamp":"2025-08-03T17:18:36.271Z"}
{"level":"info","message":"Retrieved 0 courses succesfully","timestamp":"2025-08-03T17:18:36.369Z"}
{"level":"info","message":"Retrieved 0 courses succesfully","timestamp":"2025-08-03T17:18:36.622Z"}
{"level":"info","message":"Retrieved 0 courses succesfully","timestamp":"2025-08-03T17:18:36.746Z"}
{"level":"info","message":"Retrieved 0 courses succesfully","timestamp":"2025-08-03T17:18:36.902Z"}
{"level":"info","message":"Retrieved 0 courses succesfully","timestamp":"2025-08-03T17:18:37.010Z"}
{"level":"info","message":"Retrieved 0 courses succesfully","timestamp":"2025-08-03T17:18:37.191Z"}
{"level":"info","message":"Retrieved 0 courses succesfully","timestamp":"2025-08-03T17:18:37.288Z"}
{"level":"info","message":"Retrieved 0 courses succesfully","timestamp":"2025-08-03T17:18:37.519Z"}
{"level":"info","message":"Retrieved 0 courses succesfully","timestamp":"2025-08-03T17:18:37.612Z"}
{"level":"info","message":"Retrieved 0 courses succesfully","timestamp":"2025-08-03T17:18:37.836Z"}
{"level":"info","message":"Retrieved 0 courses succesfully","timestamp":"2025-08-03T17:18:37.958Z"}
{"level":"info","message":"Retrieved 0 courses succesfully","timestamp":"2025-08-03T17:18:38.057Z"}
{"level":"info","message":"Retrieved 0 courses succesfully","timestamp":"2025-08-03T17:18:38.150Z"}
{"level":"info","message":"Retrieved 0 courses succesfully","timestamp":"2025-08-03T17:18:38.387Z"}
{"level":"info","message":"Retrieved 0 courses succesfully","timestamp":"2025-08-03T17:18:38.481Z"}
{"level":"info","message":"Retrieved 0 courses succesfully","timestamp":"2025-08-03T17:18:38.713Z"}
{"level":"info","message":"Retrieved 0 courses succesfully","timestamp":"2025-08-03T17:18:38.841Z"}
{"level":"info","message":"Retrieved 0 courses succesfully","timestamp":"2025-08-03T17:18:38.929Z"}
{"level":"info","message":"Retrieved 0 courses succesfully","timestamp":"2025-08-03T17:18:39.021Z"}
{"level":"info","message":"Retrieved 0 courses succesfully","timestamp":"2025-08-03T17:18:39.247Z"}
{"level":"info","message":"Retrieved 0 courses succesfully","timestamp":"2025-08-03T17:18:39.344Z"}
{"level":"info","message":"Retrieved 0 courses succesfully","timestamp":"2025-08-03T17:18:39.564Z"}
{"level":"info","message":"Retrieved 0 courses succesfully","timestamp":"2025-08-03T17:18:39.667Z"}
{"level":"info","message":"Retrieved 0 courses succesfully","timestamp":"2025-08-03T17:18:39.790Z"}
{"level":"info","message":"Retrieved 0 courses succesfully","timestamp":"2025-08-03T17:18:39.882Z"}
{"level":"info","message":"Retrieved 0 courses succesfully","timestamp":"2025-08-03T17:18:40.105Z"}
{"level":"info","message":"Retrieved 0 courses succesfully","timestamp":"2025-08-03T17:18:40.222Z"}
{"level":"info","message":"Retrieved 0 courses succesfully","timestamp":"2025-08-03T17:18:40.335Z"}
{"level":"info","message":"Retrieved 0 courses succesfully","timestamp":"2025-08-03T17:18:40.426Z"}
{"level":"info","message":"Retrieved 0 courses succesfully","timestamp":"2025-08-03T17:18:40.651Z"}
{"level":"info","message":"Retrieved 0 courses succesfully","timestamp":"2025-08-03T17:18:40.745Z"}
{"level":"info","message":"Retrieved 0 courses succesfully","timestamp":"2025-08-03T17:18:40.990Z"}
{"level":"info","message":"Retrieved 0 courses succesfully","timestamp":"2025-08-03T17:18:41.090Z"}
{"level":"info","message":"Retrieved 0 courses succesfully","timestamp":"2025-08-03T17:18:41.239Z"}
{"level":"info","message":"Retrieved 0 courses succesfully","timestamp":"2025-08-03T17:18:41.332Z"}
{"level":"info","message":"Retrieved 0 courses succesfully","timestamp":"2025-08-03T17:18:41.552Z"}
{"level":"info","message":"Retrieved 0 courses succesfully","timestamp":"2025-08-03T17:18:41.643Z"}
{"level":"info","message":"Retrieved 0 courses succesfully","timestamp":"2025-08-03T17:18:41.869Z"}
{"level":"info","message":"Retrieved 0 courses succesfully","timestamp":"2025-08-03T17:18:41.996Z"}
{"level":"info","message":"Retrieved 0 courses succesfully","timestamp":"2025-08-03T17:18:42.123Z"}
{"level":"info","message":"Retrieved 0 courses succesfully","timestamp":"2025-08-03T17:18:42.224Z"}
{"level":"info","message":"Retrieved 0 courses succesfully","timestamp":"2025-08-03T17:18:42.350Z"}
{"level":"info","message":"Retrieved 0 courses succesfully","timestamp":"2025-08-03T17:18:42.441Z"}
{"level":"info","message":"Retrieved 0 courses succesfully","timestamp":"2025-08-03T17:18:42.662Z"}
{"level":"info","message":"Retrieved 0 courses succesfully","timestamp":"2025-08-03T17:18:42.759Z"}
{"level":"info","message":"Retrieved 0 courses succesfully","timestamp":"2025-08-03T17:18:42.978Z"}
{"level":"info","message":"Retrieved 0 courses succesfully","timestamp":"2025-08-03T17:18:43.072Z"}
{"level":"info","message":"Retrieved 0 courses succesfully","timestamp":"2025-08-03T17:18:43.298Z"}
{"level":"info","message":"Retrieved 0 courses succesfully","timestamp":"2025-08-03T17:18:43.395Z"}
{"level":"info","message":"Retrieved 0 courses succesfully","timestamp":"2025-08-03T17:18:43.639Z"}
{"level":"info","message":"Retrieved 0 courses succesfully","timestamp":"2025-08-03T17:18:43.739Z"}
{"level":"info","message":"Retrieved 0 courses succesfully","timestamp":"2025-08-03T17:18:43.981Z"}
{"level":"info","message":"Retrieved 0 courses succesfully","timestamp":"2025-08-03T17:18:44.081Z"}
{"level":"info","message":"Retrieved 0 courses succesfully","timestamp":"2025-08-03T17:18:44.203Z"}
{"level":"info","message":"Retrieved 0 courses succesfully","timestamp":"2025-08-03T17:18:44.332Z"}
{"level":"info","message":"Retrieved 0 courses succesfully","timestamp":"2025-08-03T17:18:44.435Z"}
{"level":"info","message":"Retrieved 0 courses succesfully","timestamp":"2025-08-03T17:18:44.528Z"}
{"level":"info","message":"Retrieved 0 courses succesfully","timestamp":"2025-08-03T17:18:44.751Z"}
{"level":"info","message":"Retrieved 0 courses succesfully","timestamp":"2025-08-03T17:18:44.842Z"}
{"level":"info","message":"Retrieved 0 courses succesfully","timestamp":"2025-08-03T17:18:45.066Z"}
{"level":"info","message":"Retrieved 0 courses succesfully","timestamp":"2025-08-03T17:18:45.160Z"}
{"level":"info","message":"Retrieved 0 courses succesfully","timestamp":"2025-08-03T17:18:45.375Z"}
{"level":"info","message":"Retrieved 0 courses succesfully","timestamp":"2025-08-03T17:18:45.469Z"}
{"level":"info","message":"Retrieved 0 courses succesfully","timestamp":"2025-08-03T17:18:45.698Z"}
{"level":"info","message":"Retrieved 0 courses succesfully","timestamp":"2025-08-03T17:18:45.795Z"}
{"level":"info","message":"Retrieved 0 courses succesfully","timestamp":"2025-08-03T17:18:46.053Z"}
{"level":"info","message":"Retrieved 0 courses succesfully","timestamp":"2025-08-03T17:18:46.163Z"}
{"level":"info","message":"Retrieved 0 courses succesfully","timestamp":"2025-08-03T17:18:46.343Z"}
{"level":"info","message":"Retrieved 0 courses succesfully","timestamp":"2025-08-03T17:18:46.439Z"}
{"level":"info","message":"Retrieved 0 courses succesfully","timestamp":"2025-08-03T17:18:46.701Z"}
{"level":"info","message":"Retrieved 0 courses succesfully","timestamp":"2025-08-03T17:18:46.796Z"}
{"level":"info","message":"Retrieved 0 courses succesfully","timestamp":"2025-08-03T17:18:47.050Z"}
{"level":"info","message":"Retrieved 0 courses succesfully","timestamp":"2025-08-03T17:18:47.155Z"}
{"level":"info","message":"Retrieved 0 courses succesfully","timestamp":"2025-08-03T17:18:47.321Z"}
{"level":"info","message":"Retrieved 0 courses succesfully","timestamp":"2025-08-03T17:18:47.469Z"}
{"level":"info","message":"Retrieved 0 courses succesfully","timestamp":"2025-08-03T17:18:47.570Z"}
{"level":"info","message":"Retrieved 0 courses succesfully","timestamp":"2025-08-03T17:18:47.677Z"}
{"level":"info","message":"Retrieved 0 courses succesfully","timestamp":"2025-08-03T17:18:47.720Z"}
{"level":"info","message":"Retrieved 0 courses succesfully","timestamp":"2025-08-03T17:18:47.871Z"}
{"level":"info","message":"Retrieved 0 courses succesfully","timestamp":"2025-08-03T17:18:47.999Z"}
{"level":"info","message":"Retrieved 0 courses succesfully","timestamp":"2025-08-03T17:18:48.108Z"}
{"level":"info","message":"Retrieved 0 courses succesfully","timestamp":"2025-08-03T17:18:48.271Z"}
{"level":"info","message":"Retrieved 0 courses succesfully","timestamp":"2025-08-03T17:18:48.389Z"}
{"level":"info","message":"Retrieved 0 courses succesfully","timestamp":"2025-08-03T17:18:48.521Z"}
{"level":"info","message":"Retrieved 0 courses succesfully","timestamp":"2025-08-03T17:18:48.660Z"}
{"level":"info","message":"Retrieved 0 courses succesfully","timestamp":"2025-08-03T17:18:48.792Z"}
{"level":"info","message":"Retrieved 0 courses succesfully","timestamp":"2025-08-03T17:18:48.887Z"}
{"level":"info","message":"Retrieved 0 courses succesfully","timestamp":"2025-08-03T17:26:18.976Z"}
{"level":"info","message":"Retrieved 0 courses succesfully","timestamp":"2025-08-03T17:26:19.087Z"}
{"level":"info","message":"Retrieved 0 students successfully","timestamp":"2025-08-03T17:26:23.673Z"}
{"activeCourses":0,"activeStudents":0,"courseCounts":[],"graduates":0,"level":"info","message":"Dashboard statistics retrieved succesdfully:","successRate":0,"timestamp":"2025-08-03T17:26:24.126Z","totalCourses":0,"totalStudents":0}
{"level":"info","message":"Retrieved 0 students successfully","timestamp":"2025-08-03T17:26:24.704Z"}
{"activeCourses":0,"activeStudents":0,"courseCounts":[],"graduates":0,"level":"info","message":"Dashboard statistics retrieved succesdfully:","successRate":0,"timestamp":"2025-08-03T17:26:25.193Z","totalCourses":0,"totalStudents":0}
{"level":"info","message":"Retrieved 0 courses succesfully","timestamp":"2025-08-03T17:26:25.975Z"}
{"courseId":"688f9bd1feefed2fada59625","level":"info","message":"New course created: ","name":"APO III","timestamp":"2025-08-03T17:26:41.150Z"}
{"level":"info","message":"Retrieved 1 courses succesfully","timestamp":"2025-08-03T17:26:41.246Z"}
{"activeCourses":1,"activeStudents":0,"courseCounts":[],"graduates":0,"level":"info","message":"Dashboard statistics retrieved succesdfully:","successRate":0,"timestamp":"2025-08-03T17:26:41.777Z","totalCourses":1,"totalStudents":0}
{"level":"info","message":"Retrieved 0 students successfully","timestamp":"2025-08-03T17:26:46.045Z"}
{"activeCourses":1,"activeStudents":0,"courseCounts":[],"graduates":0,"level":"info","message":"Dashboard statistics retrieved succesdfully:","successRate":0,"timestamp":"2025-08-03T17:26:46.464Z","totalCourses":1,"totalStudents":0}
{"email":"lrojas@gmail.com","level":"info","message":"New student created: ","name":"Luis Rojas","studentId":"688f9be6feefed2fada59635","timestamp":"2025-08-03T17:27:03.086Z"}
{"level":"info","message":"Retrieved 1 students successfully","timestamp":"2025-08-03T17:27:03.183Z"}
{"activeCourses":1,"activeStudents":1,"courseCounts":[{"_id":"688f9bd1feefed2fada59625","count":1}],"graduates":0,"level":"info","message":"Dashboard statistics retrieved succesdfully:","successRate":0,"timestamp":"2025-08-03T17:27:03.708Z","totalCourses":1,"totalStudents":1}
{"level":"info","message":"Retrieved 1 students successfully","timestamp":"2025-08-03T17:27:05.981Z"}
{"activeCourses":1,"activeStudents":1,"courseCounts":[{"_id":"688f9bd1feefed2fada59625","count":1}],"graduates":0,"level":"info","message":"Dashboard statistics retrieved succesdfully:","successRate":0,"timestamp":"2025-08-03T17:27:06.440Z","totalCourses":1,"totalStudents":1}
{"level":"info","message":"Student deleted successfully","name":"Luis Rojas","studentId":"688f9be6feefed2fada59635","timestamp":"2025-08-03T17:27:09.837Z"}
{"level":"info","message":"Retrieved 0 students successfully","timestamp":"2025-08-03T17:27:09.933Z"}
{"activeCourses":1,"activeStudents":0,"courseCounts":[],"graduates":0,"level":"info","message":"Dashboard statistics retrieved succesdfully:","successRate":0,"timestamp":"2025-08-03T17:27:10.481Z","totalCourses":1,"totalStudents":0}
